2020-08-25 08:52:48.872  INFO 1616 --- [main] .s.d.r.c.RepositoryConfigurationDelegate : Bootstrapping Spring Data repositories in DEFAULT mode.
2020-08-25 08:52:48.904  INFO 1616 --- [main] .s.d.r.c.RepositoryConfigurationDelegate : Finished Spring Data repository scanning in 31ms. Found 2 repository interfaces.
2020-08-25 08:52:49.075  WARN 1616 --- [main] o.m.s.mapper.ClassPathMapperScanner      : No MyBatis mapper was found in '[com.sy.yuanfei]' package. Please check your configuration.
2020-08-25 08:52:49.184  INFO 1616 --- [main] trationDelegate$BeanPostProcessorChecker : Bean 'org.apache.shiro.spring.boot.autoconfigure.ShiroBeanAutoConfiguration' of type [org.apache.shiro.spring.boot.autoconfigure.ShiroBeanAutoConfiguration$$EnhancerBySpringCGLIB$$be8a0be5] is not eligible for getting processed by all BeanPostProcessors (for example: not eligible for auto-proxying)
2020-08-25 08:52:49.200  INFO 1616 --- [main] trationDelegate$BeanPostProcessorChecker : Bean 'shiroConfig' of type [com.sy.yuanfei.common.config.ShiroConfig$$EnhancerBySpringCGLIB$$3c72223c] is not eligible for getting processed by all BeanPostProcessors (for example: not eligible for auto-proxying)
2020-08-25 08:52:49.216  INFO 1616 --- [main] trationDelegate$BeanPostProcessorChecker : Bean 'eventBus' of type [org.apache.shiro.event.support.DefaultEventBus] is not eligible for getting processed by all BeanPostProcessors (for example: not eligible for auto-proxying)
2020-08-25 08:52:49.231  INFO 1616 --- [main] trationDelegate$BeanPostProcessorChecker : Bean 'org.apache.shiro.spring.config.web.autoconfigure.ShiroWebAutoConfiguration' of type [org.apache.shiro.spring.config.web.autoconfigure.ShiroWebAutoConfiguration$$EnhancerBySpringCGLIB$$e3266c4f] is not eligible for getting processed by all BeanPostProcessors (for example: not eligible for auto-proxying)
2020-08-25 08:52:49.231  INFO 1616 --- [main] trationDelegate$BeanPostProcessorChecker : Bean 'org.springframework.boot.autoconfigure.jdbc.DataSourceConfiguration$Generic' of type [org.springframework.boot.autoconfigure.jdbc.DataSourceConfiguration$Generic] is not eligible for getting processed by all BeanPostProcessors (for example: not eligible for auto-proxying)
2020-08-25 08:52:49.247  INFO 1616 --- [main] trationDelegate$BeanPostProcessorChecker : Bean 'spring.datasource-org.springframework.boot.autoconfigure.jdbc.DataSourceProperties' of type [org.springframework.boot.autoconfigure.jdbc.DataSourceProperties] is not eligible for getting processed by all BeanPostProcessors (for example: not eligible for auto-proxying)
2020-08-25 08:52:49.278  INFO 1616 --- [main] trationDelegate$BeanPostProcessorChecker : Bean 'dataSource' of type [com.alibaba.druid.pool.DruidDataSource] is not eligible for getting processed by all BeanPostProcessors (for example: not eligible for auto-proxying)
2020-08-25 08:52:49.278  INFO 1616 --- [main] trationDelegate$BeanPostProcessorChecker : Bean 'authorizer' of type [com.sy.yuanfei.common.realm.CasRealm] is not eligible for getting processed by all BeanPostProcessors (for example: not eligible for auto-proxying)
2020-08-25 08:52:49.496  INFO 1616 --- [main] trationDelegate$BeanPostProcessorChecker : Bean 'sessionStorageEvaluator' of type [org.apache.shiro.web.mgt.DefaultWebSessionStorageEvaluator] is not eligible for getting processed by all BeanPostProcessors (for example: not eligible for auto-proxying)
2020-08-25 08:52:49.496  INFO 1616 --- [main] trationDelegate$BeanPostProcessorChecker : Bean 'subjectDAO' of type [org.apache.shiro.mgt.DefaultSubjectDAO] is not eligible for getting processed by all BeanPostProcessors (for example: not eligible for auto-proxying)
2020-08-25 08:52:49.496  INFO 1616 --- [main] trationDelegate$BeanPostProcessorChecker : Bean 'subjectFactory' of type [io.buji.pac4j.subject.Pac4jSubjectFactory] is not eligible for getting processed by all BeanPostProcessors (for example: not eligible for auto-proxying)
2020-08-25 08:52:49.496  INFO 1616 --- [main] trationDelegate$BeanPostProcessorChecker : Bean 'rememberMeCookieTemplate' of type [org.apache.shiro.web.servlet.SimpleCookie] is not eligible for getting processed by all BeanPostProcessors (for example: not eligible for auto-proxying)
2020-08-25 08:52:49.512  INFO 1616 --- [main] trationDelegate$BeanPostProcessorChecker : Bean 'rememberMeManager' of type [org.apache.shiro.web.mgt.CookieRememberMeManager] is not eligible for getting processed by all BeanPostProcessors (for example: not eligible for auto-proxying)
2020-08-25 08:52:49.512  INFO 1616 --- [main] trationDelegate$BeanPostProcessorChecker : Bean 'authenticationStrategy' of type [org.apache.shiro.authc.pam.AtLeastOneSuccessfulStrategy] is not eligible for getting processed by all BeanPostProcessors (for example: not eligible for auto-proxying)
2020-08-25 08:52:49.512  INFO 1616 --- [main] trationDelegate$BeanPostProcessorChecker : Bean 'authenticator' of type [org.apache.shiro.authc.pam.ModularRealmAuthenticator] is not eligible for getting processed by all BeanPostProcessors (for example: not eligible for auto-proxying)
2020-08-25 08:52:49.512  INFO 1616 --- [main] trationDelegate$BeanPostProcessorChecker : Bean 'sessionManager' of type [org.apache.shiro.web.session.mgt.ServletContainerSessionManager] is not eligible for getting processed by all BeanPostProcessors (for example: not eligible for auto-proxying)
2020-08-25 08:52:49.512  INFO 1616 --- [main] trationDelegate$BeanPostProcessorChecker : Bean 'securityManager' of type [org.apache.shiro.web.mgt.DefaultWebSecurityManager] is not eligible for getting processed by all BeanPostProcessors (for example: not eligible for auto-proxying)
2020-08-25 08:52:49.512  INFO 1616 --- [main] trationDelegate$BeanPostProcessorChecker : Bean 'casConfig' of type [com.sy.yuanfei.common.config.CasConfig$$EnhancerBySpringCGLIB$$4a03a160] is not eligible for getting processed by all BeanPostProcessors (for example: not eligible for auto-proxying)
2020-08-25 08:52:49.528  INFO 1616 --- [main] trationDelegate$BeanPostProcessorChecker : Bean 'casConfiguration' of type [org.pac4j.cas.config.CasConfiguration] is not eligible for getting processed by all BeanPostProcessors (for example: not eligible for auto-proxying)
2020-08-25 08:52:49.528  INFO 1616 --- [main] trationDelegate$BeanPostProcessorChecker : Bean 'casClient' of type [org.pac4j.cas.client.CasClient] is not eligible for getting processed by all BeanPostProcessors (for example: not eligible for auto-proxying)
2020-08-25 08:52:49.528  INFO 1616 --- [main] trationDelegate$BeanPostProcessorChecker : Bean 'shiroSessionStore' of type [io.buji.pac4j.context.ShiroSessionStore] is not eligible for getting processed by all BeanPostProcessors (for example: not eligible for auto-proxying)
2020-08-25 08:52:49.528  INFO 1616 --- [main] trationDelegate$BeanPostProcessorChecker : Bean 'exPac4jConfig' of type [org.pac4j.core.config.Config] is not eligible for getting processed by all BeanPostProcessors (for example: not eligible for auto-proxying)
2020-08-25 08:52:49.574  INFO 1616 --- [main] trationDelegate$BeanPostProcessorChecker : Bean 'authorizationAttributeSourceAdvisor' of type [org.apache.shiro.spring.security.interceptor.AuthorizationAttributeSourceAdvisor] is not eligible for getting processed by all BeanPostProcessors (for example: not eligible for auto-proxying)
2020-08-25 08:52:49.574  INFO 1616 --- [main] trationDelegate$BeanPostProcessorChecker : Bean 'org.springframework.transaction.annotation.ProxyTransactionManagementConfiguration' of type [org.springframework.transaction.annotation.ProxyTransactionManagementConfiguration] is not eligible for getting processed by all BeanPostProcessors (for example: not eligible for auto-proxying)
2020-08-25 08:52:49.824  INFO 1616 --- [main] o.s.b.w.embedded.tomcat.TomcatWebServer  : Tomcat initialized with port(s): 8888 (http)
2020-08-25 08:52:49.918  INFO 1616 --- [main] o.s.web.context.ContextLoader            : Root WebApplicationContext: initialization completed in 1592 ms
2020-08-25 08:52:50.900  INFO 1616 --- [main] j.LocalContainerEntityManagerFactoryBean : Initialized JPA EntityManagerFactory for persistence unit 'default'
2020-08-25 08:52:51.571  INFO 1616 --- [main] o.s.s.concurrent.ThreadPoolTaskExecutor  : Initializing ExecutorService 'applicationTaskExecutor'
2020-08-25 08:52:51.977  INFO 1616 --- [main] o.s.b.w.embedded.tomcat.TomcatWebServer  : Tomcat started on port(s): 8888 (http) with context path ''
2020-08-25 08:53:51.560  INFO 1616 --- [http-nio-8888-exec-1] o.s.web.servlet.DispatcherServlet        : Initializing Servlet 'dispatcherServlet'
2020-08-25 08:53:51.569  INFO 1616 --- [http-nio-8888-exec-1] o.s.web.servlet.DispatcherServlet        : Completed initialization in 9 ms
2020-08-25 08:54:42.585  INFO 7672 --- [main] .s.d.r.c.RepositoryConfigurationDelegate : Bootstrapping Spring Data repositories in DEFAULT mode.
2020-08-25 08:54:42.632  INFO 7672 --- [main] .s.d.r.c.RepositoryConfigurationDelegate : Finished Spring Data repository scanning in 31ms. Found 2 repository interfaces.
2020-08-25 08:54:42.819  WARN 7672 --- [main] o.m.s.mapper.ClassPathMapperScanner      : No MyBatis mapper was found in '[com.sy.yuanfei]' package. Please check your configuration.
2020-08-25 08:54:42.913  INFO 7672 --- [main] trationDelegate$BeanPostProcessorChecker : Bean 'org.apache.shiro.spring.boot.autoconfigure.ShiroBeanAutoConfiguration' of type [org.apache.shiro.spring.boot.autoconfigure.ShiroBeanAutoConfiguration$$EnhancerBySpringCGLIB$$d1522a18] is not eligible for getting processed by all BeanPostProcessors (for example: not eligible for auto-proxying)
2020-08-25 08:54:42.929  INFO 7672 --- [main] trationDelegate$BeanPostProcessorChecker : Bean 'shiroConfig' of type [com.sy.yuanfei.common.config.ShiroConfig$$EnhancerBySpringCGLIB$$4f3a406f] is not eligible for getting processed by all BeanPostProcessors (for example: not eligible for auto-proxying)
2020-08-25 08:54:42.944  INFO 7672 --- [main] trationDelegate$BeanPostProcessorChecker : Bean 'eventBus' of type [org.apache.shiro.event.support.DefaultEventBus] is not eligible for getting processed by all BeanPostProcessors (for example: not eligible for auto-proxying)
2020-08-25 08:54:42.960  INFO 7672 --- [main] trationDelegate$BeanPostProcessorChecker : Bean 'org.apache.shiro.spring.config.web.autoconfigure.ShiroWebAutoConfiguration' of type [org.apache.shiro.spring.config.web.autoconfigure.ShiroWebAutoConfiguration$$EnhancerBySpringCGLIB$$f5ee8a82] is not eligible for getting processed by all BeanPostProcessors (for example: not eligible for auto-proxying)
2020-08-25 08:54:42.960  INFO 7672 --- [main] trationDelegate$BeanPostProcessorChecker : Bean 'org.springframework.boot.autoconfigure.jdbc.DataSourceConfiguration$Generic' of type [org.springframework.boot.autoconfigure.jdbc.DataSourceConfiguration$Generic] is not eligible for getting processed by all BeanPostProcessors (for example: not eligible for auto-proxying)
2020-08-25 08:54:42.975  INFO 7672 --- [main] trationDelegate$BeanPostProcessorChecker : Bean 'spring.datasource-org.springframework.boot.autoconfigure.jdbc.DataSourceProperties' of type [org.springframework.boot.autoconfigure.jdbc.DataSourceProperties] is not eligible for getting processed by all BeanPostProcessors (for example: not eligible for auto-proxying)
2020-08-25 08:54:43.007  INFO 7672 --- [main] trationDelegate$BeanPostProcessorChecker : Bean 'dataSource' of type [com.alibaba.druid.pool.DruidDataSource] is not eligible for getting processed by all BeanPostProcessors (for example: not eligible for auto-proxying)
2020-08-25 08:54:43.007  INFO 7672 --- [main] trationDelegate$BeanPostProcessorChecker : Bean 'authorizer' of type [com.sy.yuanfei.common.realm.CasRealm] is not eligible for getting processed by all BeanPostProcessors (for example: not eligible for auto-proxying)
2020-08-25 08:54:43.178  INFO 7672 --- [main] trationDelegate$BeanPostProcessorChecker : Bean 'sessionStorageEvaluator' of type [org.apache.shiro.web.mgt.DefaultWebSessionStorageEvaluator] is not eligible for getting processed by all BeanPostProcessors (for example: not eligible for auto-proxying)
2020-08-25 08:54:43.178  INFO 7672 --- [main] trationDelegate$BeanPostProcessorChecker : Bean 'subjectDAO' of type [org.apache.shiro.mgt.DefaultSubjectDAO] is not eligible for getting processed by all BeanPostProcessors (for example: not eligible for auto-proxying)
2020-08-25 08:54:43.178  INFO 7672 --- [main] trationDelegate$BeanPostProcessorChecker : Bean 'subjectFactory' of type [io.buji.pac4j.subject.Pac4jSubjectFactory] is not eligible for getting processed by all BeanPostProcessors (for example: not eligible for auto-proxying)
2020-08-25 08:54:43.178  INFO 7672 --- [main] trationDelegate$BeanPostProcessorChecker : Bean 'rememberMeCookieTemplate' of type [org.apache.shiro.web.servlet.SimpleCookie] is not eligible for getting processed by all BeanPostProcessors (for example: not eligible for auto-proxying)
2020-08-25 08:54:43.194  INFO 7672 --- [main] trationDelegate$BeanPostProcessorChecker : Bean 'rememberMeManager' of type [org.apache.shiro.web.mgt.CookieRememberMeManager] is not eligible for getting processed by all BeanPostProcessors (for example: not eligible for auto-proxying)
2020-08-25 08:54:43.194  INFO 7672 --- [main] trationDelegate$BeanPostProcessorChecker : Bean 'authenticationStrategy' of type [org.apache.shiro.authc.pam.AtLeastOneSuccessfulStrategy] is not eligible for getting processed by all BeanPostProcessors (for example: not eligible for auto-proxying)
2020-08-25 08:54:43.194  INFO 7672 --- [main] trationDelegate$BeanPostProcessorChecker : Bean 'authenticator' of type [org.apache.shiro.authc.pam.ModularRealmAuthenticator] is not eligible for getting processed by all BeanPostProcessors (for example: not eligible for auto-proxying)
2020-08-25 08:54:43.194  INFO 7672 --- [main] trationDelegate$BeanPostProcessorChecker : Bean 'sessionManager' of type [org.apache.shiro.web.session.mgt.ServletContainerSessionManager] is not eligible for getting processed by all BeanPostProcessors (for example: not eligible for auto-proxying)
2020-08-25 08:54:43.194  INFO 7672 --- [main] trationDelegate$BeanPostProcessorChecker : Bean 'securityManager' of type [org.apache.shiro.web.mgt.DefaultWebSecurityManager] is not eligible for getting processed by all BeanPostProcessors (for example: not eligible for auto-proxying)
2020-08-25 08:54:43.194  INFO 7672 --- [main] trationDelegate$BeanPostProcessorChecker : Bean 'casConfig' of type [com.sy.yuanfei.common.config.CasConfig$$EnhancerBySpringCGLIB$$5ccbbf93] is not eligible for getting processed by all BeanPostProcessors (for example: not eligible for auto-proxying)
2020-08-25 08:54:43.194  INFO 7672 --- [main] trationDelegate$BeanPostProcessorChecker : Bean 'casConfiguration' of type [org.pac4j.cas.config.CasConfiguration] is not eligible for getting processed by all BeanPostProcessors (for example: not eligible for auto-proxying)
2020-08-25 08:54:43.209  INFO 7672 --- [main] trationDelegate$BeanPostProcessorChecker : Bean 'casClient' of type [org.pac4j.cas.client.CasClient] is not eligible for getting processed by all BeanPostProcessors (for example: not eligible for auto-proxying)
2020-08-25 08:54:43.209  INFO 7672 --- [main] trationDelegate$BeanPostProcessorChecker : Bean 'shiroSessionStore' of type [io.buji.pac4j.context.ShiroSessionStore] is not eligible for getting processed by all BeanPostProcessors (for example: not eligible for auto-proxying)
2020-08-25 08:54:43.209  INFO 7672 --- [main] trationDelegate$BeanPostProcessorChecker : Bean 'exPac4jConfig' of type [org.pac4j.core.config.Config] is not eligible for getting processed by all BeanPostProcessors (for example: not eligible for auto-proxying)
2020-08-25 08:54:43.241  INFO 7672 --- [main] trationDelegate$BeanPostProcessorChecker : Bean 'authorizationAttributeSourceAdvisor' of type [org.apache.shiro.spring.security.interceptor.AuthorizationAttributeSourceAdvisor] is not eligible for getting processed by all BeanPostProcessors (for example: not eligible for auto-proxying)
2020-08-25 08:54:43.241  INFO 7672 --- [main] trationDelegate$BeanPostProcessorChecker : Bean 'org.springframework.transaction.annotation.ProxyTransactionManagementConfiguration' of type [org.springframework.transaction.annotation.ProxyTransactionManagementConfiguration] is not eligible for getting processed by all BeanPostProcessors (for example: not eligible for auto-proxying)
2020-08-25 08:54:43.443  INFO 7672 --- [main] o.s.b.w.embedded.tomcat.TomcatWebServer  : Tomcat initialized with port(s): 8888 (http)
2020-08-25 08:54:43.553  INFO 7672 --- [main] o.s.web.context.ContextLoader            : Root WebApplicationContext: initialization completed in 1389 ms
2020-08-25 08:54:44.505  INFO 7672 --- [main] j.LocalContainerEntityManagerFactoryBean : Initialized JPA EntityManagerFactory for persistence unit 'default'
2020-08-25 08:54:45.176  INFO 7672 --- [main] o.s.s.concurrent.ThreadPoolTaskExecutor  : Initializing ExecutorService 'applicationTaskExecutor'
2020-08-25 08:54:45.597  INFO 7672 --- [main] o.s.b.w.embedded.tomcat.TomcatWebServer  : Tomcat started on port(s): 8888 (http) with context path ''
2020-08-25 08:55:25.141  INFO 7672 --- [http-nio-8888-exec-1] o.s.web.servlet.DispatcherServlet        : Initializing Servlet 'dispatcherServlet'
2020-08-25 08:55:25.148  INFO 7672 --- [http-nio-8888-exec-1] o.s.web.servlet.DispatcherServlet        : Completed initialization in 7 ms
2020-08-25 09:02:57.053  INFO 2560 --- [main] .s.d.r.c.RepositoryConfigurationDelegate : Bootstrapping Spring Data repositories in DEFAULT mode.
2020-08-25 09:02:57.100  INFO 2560 --- [main] .s.d.r.c.RepositoryConfigurationDelegate : Finished Spring Data repository scanning in 36ms. Found 2 repository interfaces.
2020-08-25 09:02:57.303  WARN 2560 --- [main] o.m.s.mapper.ClassPathMapperScanner      : No MyBatis mapper was found in '[com.sy.yuanfei]' package. Please check your configuration.
2020-08-25 09:02:57.397  INFO 2560 --- [main] trationDelegate$BeanPostProcessorChecker : Bean 'org.apache.shiro.spring.boot.autoconfigure.ShiroBeanAutoConfiguration' of type [org.apache.shiro.spring.boot.autoconfigure.ShiroBeanAutoConfiguration$$EnhancerBySpringCGLIB$$f43237ee] is not eligible for getting processed by all BeanPostProcessors (for example: not eligible for auto-proxying)
2020-08-25 09:02:57.412  INFO 2560 --- [main] trationDelegate$BeanPostProcessorChecker : Bean 'shiroConfig' of type [com.sy.yuanfei.common.config.ShiroConfig$$EnhancerBySpringCGLIB$$721a4e45] is not eligible for getting processed by all BeanPostProcessors (for example: not eligible for auto-proxying)
2020-08-25 09:02:57.412  INFO 2560 --- [main] trationDelegate$BeanPostProcessorChecker : Bean 'eventBus' of type [org.apache.shiro.event.support.DefaultEventBus] is not eligible for getting processed by all BeanPostProcessors (for example: not eligible for auto-proxying)
2020-08-25 09:02:57.443  INFO 2560 --- [main] trationDelegate$BeanPostProcessorChecker : Bean 'org.apache.shiro.spring.config.web.autoconfigure.ShiroWebAutoConfiguration' of type [org.apache.shiro.spring.config.web.autoconfigure.ShiroWebAutoConfiguration$$EnhancerBySpringCGLIB$$18ce9858] is not eligible for getting processed by all BeanPostProcessors (for example: not eligible for auto-proxying)
2020-08-25 09:02:57.443  INFO 2560 --- [main] trationDelegate$BeanPostProcessorChecker : Bean 'org.springframework.boot.autoconfigure.jdbc.DataSourceConfiguration$Generic' of type [org.springframework.boot.autoconfigure.jdbc.DataSourceConfiguration$Generic] is not eligible for getting processed by all BeanPostProcessors (for example: not eligible for auto-proxying)
2020-08-25 09:02:57.459  INFO 2560 --- [main] trationDelegate$BeanPostProcessorChecker : Bean 'spring.datasource-org.springframework.boot.autoconfigure.jdbc.DataSourceProperties' of type [org.springframework.boot.autoconfigure.jdbc.DataSourceProperties] is not eligible for getting processed by all BeanPostProcessors (for example: not eligible for auto-proxying)
2020-08-25 09:02:57.490  INFO 2560 --- [main] trationDelegate$BeanPostProcessorChecker : Bean 'dataSource' of type [com.alibaba.druid.pool.DruidDataSource] is not eligible for getting processed by all BeanPostProcessors (for example: not eligible for auto-proxying)
2020-08-25 09:02:57.490  INFO 2560 --- [main] trationDelegate$BeanPostProcessorChecker : Bean 'authorizer' of type [com.sy.yuanfei.common.realm.CasRealm] is not eligible for getting processed by all BeanPostProcessors (for example: not eligible for auto-proxying)
2020-08-25 09:02:57.662  INFO 2560 --- [main] trationDelegate$BeanPostProcessorChecker : Bean 'sessionStorageEvaluator' of type [org.apache.shiro.web.mgt.DefaultWebSessionStorageEvaluator] is not eligible for getting processed by all BeanPostProcessors (for example: not eligible for auto-proxying)
2020-08-25 09:02:57.662  INFO 2560 --- [main] trationDelegate$BeanPostProcessorChecker : Bean 'subjectDAO' of type [org.apache.shiro.mgt.DefaultSubjectDAO] is not eligible for getting processed by all BeanPostProcessors (for example: not eligible for auto-proxying)
2020-08-25 09:02:57.662  INFO 2560 --- [main] trationDelegate$BeanPostProcessorChecker : Bean 'subjectFactory' of type [io.buji.pac4j.subject.Pac4jSubjectFactory] is not eligible for getting processed by all BeanPostProcessors (for example: not eligible for auto-proxying)
2020-08-25 09:02:57.662  INFO 2560 --- [main] trationDelegate$BeanPostProcessorChecker : Bean 'rememberMeCookieTemplate' of type [org.apache.shiro.web.servlet.SimpleCookie] is not eligible for getting processed by all BeanPostProcessors (for example: not eligible for auto-proxying)
2020-08-25 09:02:57.662  INFO 2560 --- [main] trationDelegate$BeanPostProcessorChecker : Bean 'rememberMeManager' of type [org.apache.shiro.web.mgt.CookieRememberMeManager] is not eligible for getting processed by all BeanPostProcessors (for example: not eligible for auto-proxying)
2020-08-25 09:02:57.662  INFO 2560 --- [main] trationDelegate$BeanPostProcessorChecker : Bean 'authenticationStrategy' of type [org.apache.shiro.authc.pam.AtLeastOneSuccessfulStrategy] is not eligible for getting processed by all BeanPostProcessors (for example: not eligible for auto-proxying)
2020-08-25 09:02:57.662  INFO 2560 --- [main] trationDelegate$BeanPostProcessorChecker : Bean 'authenticator' of type [org.apache.shiro.authc.pam.ModularRealmAuthenticator] is not eligible for getting processed by all BeanPostProcessors (for example: not eligible for auto-proxying)
2020-08-25 09:02:57.662  INFO 2560 --- [main] trationDelegate$BeanPostProcessorChecker : Bean 'sessionManager' of type [org.apache.shiro.web.session.mgt.ServletContainerSessionManager] is not eligible for getting processed by all BeanPostProcessors (for example: not eligible for auto-proxying)
2020-08-25 09:02:57.662  INFO 2560 --- [main] trationDelegate$BeanPostProcessorChecker : Bean 'securityManager' of type [org.apache.shiro.web.mgt.DefaultWebSecurityManager] is not eligible for getting processed by all BeanPostProcessors (for example: not eligible for auto-proxying)
2020-08-25 09:02:57.662  INFO 2560 --- [main] trationDelegate$BeanPostProcessorChecker : Bean 'casConfig' of type [com.sy.yuanfei.common.config.CasConfig$$EnhancerBySpringCGLIB$$7fabcd69] is not eligible for getting processed by all BeanPostProcessors (for example: not eligible for auto-proxying)
2020-08-25 09:02:57.677  INFO 2560 --- [main] trationDelegate$BeanPostProcessorChecker : Bean 'casConfiguration' of type [org.pac4j.cas.config.CasConfiguration] is not eligible for getting processed by all BeanPostProcessors (for example: not eligible for auto-proxying)
2020-08-25 09:02:57.677  INFO 2560 --- [main] trationDelegate$BeanPostProcessorChecker : Bean 'casClient' of type [org.pac4j.cas.client.CasClient] is not eligible for getting processed by all BeanPostProcessors (for example: not eligible for auto-proxying)
2020-08-25 09:02:57.677  INFO 2560 --- [main] trationDelegate$BeanPostProcessorChecker : Bean 'shiroSessionStore' of type [io.buji.pac4j.context.ShiroSessionStore] is not eligible for getting processed by all BeanPostProcessors (for example: not eligible for auto-proxying)
2020-08-25 09:02:57.677  INFO 2560 --- [main] trationDelegate$BeanPostProcessorChecker : Bean 'exPac4jConfig' of type [org.pac4j.core.config.Config] is not eligible for getting processed by all BeanPostProcessors (for example: not eligible for auto-proxying)
2020-08-25 09:02:57.709  INFO 2560 --- [main] trationDelegate$BeanPostProcessorChecker : Bean 'authorizationAttributeSourceAdvisor' of type [org.apache.shiro.spring.security.interceptor.AuthorizationAttributeSourceAdvisor] is not eligible for getting processed by all BeanPostProcessors (for example: not eligible for auto-proxying)
2020-08-25 09:02:57.724  INFO 2560 --- [main] trationDelegate$BeanPostProcessorChecker : Bean 'org.springframework.transaction.annotation.ProxyTransactionManagementConfiguration' of type [org.springframework.transaction.annotation.ProxyTransactionManagementConfiguration] is not eligible for getting processed by all BeanPostProcessors (for example: not eligible for auto-proxying)
2020-08-25 09:02:57.911  INFO 2560 --- [main] o.s.b.w.embedded.tomcat.TomcatWebServer  : Tomcat initialized with port(s): 8888 (http)
2020-08-25 09:02:58.067  INFO 2560 --- [main] o.s.web.context.ContextLoader            : Root WebApplicationContext: initialization completed in 1653 ms
2020-08-25 09:02:59.003  INFO 2560 --- [main] j.LocalContainerEntityManagerFactoryBean : Initialized JPA EntityManagerFactory for persistence unit 'default'
2020-08-25 09:02:59.643  INFO 2560 --- [main] o.s.s.concurrent.ThreadPoolTaskExecutor  : Initializing ExecutorService 'applicationTaskExecutor'
2020-08-25 09:03:00.049  INFO 2560 --- [main] o.s.b.w.embedded.tomcat.TomcatWebServer  : Tomcat started on port(s): 8888 (http) with context path ''
2020-08-25 09:03:14.111  INFO 2560 --- [http-nio-8888-exec-1] o.s.web.servlet.DispatcherServlet        : Initializing Servlet 'dispatcherServlet'
2020-08-25 09:03:14.111  INFO 2560 --- [http-nio-8888-exec-1] o.s.web.servlet.DispatcherServlet        : Completed initialization in 0 ms
2020-08-25 09:05:39.443  INFO 4284 --- [main] .s.d.r.c.RepositoryConfigurationDelegate : Bootstrapping Spring Data repositories in DEFAULT mode.
2020-08-25 09:05:39.490  INFO 4284 --- [main] .s.d.r.c.RepositoryConfigurationDelegate : Finished Spring Data repository scanning in 33ms. Found 2 repository interfaces.
2020-08-25 09:05:39.677  WARN 4284 --- [main] o.m.s.mapper.ClassPathMapperScanner      : No MyBatis mapper was found in '[com.sy.yuanfei]' package. Please check your configuration.
2020-08-25 09:05:39.771  INFO 4284 --- [main] trationDelegate$BeanPostProcessorChecker : Bean 'org.apache.shiro.spring.boot.autoconfigure.ShiroBeanAutoConfiguration' of type [org.apache.shiro.spring.boot.autoconfigure.ShiroBeanAutoConfiguration$$EnhancerBySpringCGLIB$$c4081d72] is not eligible for getting processed by all BeanPostProcessors (for example: not eligible for auto-proxying)
2020-08-25 09:05:39.786  INFO 4284 --- [main] trationDelegate$BeanPostProcessorChecker : Bean 'shiroConfig' of type [com.sy.yuanfei.common.config.ShiroConfig$$EnhancerBySpringCGLIB$$41f033c9] is not eligible for getting processed by all BeanPostProcessors (for example: not eligible for auto-proxying)
2020-08-25 09:05:39.802  INFO 4284 --- [main] trationDelegate$BeanPostProcessorChecker : Bean 'eventBus' of type [org.apache.shiro.event.support.DefaultEventBus] is not eligible for getting processed by all BeanPostProcessors (for example: not eligible for auto-proxying)
2020-08-25 09:05:39.817  INFO 4284 --- [main] trationDelegate$BeanPostProcessorChecker : Bean 'org.apache.shiro.spring.config.web.autoconfigure.ShiroWebAutoConfiguration' of type [org.apache.shiro.spring.config.web.autoconfigure.ShiroWebAutoConfiguration$$EnhancerBySpringCGLIB$$e8a47ddc] is not eligible for getting processed by all BeanPostProcessors (for example: not eligible for auto-proxying)
2020-08-25 09:05:39.817  INFO 4284 --- [main] trationDelegate$BeanPostProcessorChecker : Bean 'org.springframework.boot.autoconfigure.jdbc.DataSourceConfiguration$Generic' of type [org.springframework.boot.autoconfigure.jdbc.DataSourceConfiguration$Generic] is not eligible for getting processed by all BeanPostProcessors (for example: not eligible for auto-proxying)
2020-08-25 09:05:39.849  INFO 4284 --- [main] trationDelegate$BeanPostProcessorChecker : Bean 'spring.datasource-org.springframework.boot.autoconfigure.jdbc.DataSourceProperties' of type [org.springframework.boot.autoconfigure.jdbc.DataSourceProperties] is not eligible for getting processed by all BeanPostProcessors (for example: not eligible for auto-proxying)
2020-08-25 09:05:39.864  INFO 4284 --- [main] trationDelegate$BeanPostProcessorChecker : Bean 'dataSource' of type [com.alibaba.druid.pool.DruidDataSource] is not eligible for getting processed by all BeanPostProcessors (for example: not eligible for auto-proxying)
2020-08-25 09:05:39.864  INFO 4284 --- [main] trationDelegate$BeanPostProcessorChecker : Bean 'authorizer' of type [com.sy.yuanfei.common.realm.CasRealm] is not eligible for getting processed by all BeanPostProcessors (for example: not eligible for auto-proxying)
2020-08-25 09:05:40.036  INFO 4284 --- [main] trationDelegate$BeanPostProcessorChecker : Bean 'sessionStorageEvaluator' of type [org.apache.shiro.web.mgt.DefaultWebSessionStorageEvaluator] is not eligible for getting processed by all BeanPostProcessors (for example: not eligible for auto-proxying)
2020-08-25 09:05:40.036  INFO 4284 --- [main] trationDelegate$BeanPostProcessorChecker : Bean 'subjectDAO' of type [org.apache.shiro.mgt.DefaultSubjectDAO] is not eligible for getting processed by all BeanPostProcessors (for example: not eligible for auto-proxying)
2020-08-25 09:05:40.036  INFO 4284 --- [main] trationDelegate$BeanPostProcessorChecker : Bean 'subjectFactory' of type [io.buji.pac4j.subject.Pac4jSubjectFactory] is not eligible for getting processed by all BeanPostProcessors (for example: not eligible for auto-proxying)
2020-08-25 09:05:40.036  INFO 4284 --- [main] trationDelegate$BeanPostProcessorChecker : Bean 'rememberMeCookieTemplate' of type [org.apache.shiro.web.servlet.SimpleCookie] is not eligible for getting processed by all BeanPostProcessors (for example: not eligible for auto-proxying)
2020-08-25 09:05:40.036  INFO 4284 --- [main] trationDelegate$BeanPostProcessorChecker : Bean 'rememberMeManager' of type [org.apache.shiro.web.mgt.CookieRememberMeManager] is not eligible for getting processed by all BeanPostProcessors (for example: not eligible for auto-proxying)
2020-08-25 09:05:40.051  INFO 4284 --- [main] trationDelegate$BeanPostProcessorChecker : Bean 'authenticationStrategy' of type [org.apache.shiro.authc.pam.AtLeastOneSuccessfulStrategy] is not eligible for getting processed by all BeanPostProcessors (for example: not eligible for auto-proxying)
2020-08-25 09:05:40.051  INFO 4284 --- [main] trationDelegate$BeanPostProcessorChecker : Bean 'authenticator' of type [org.apache.shiro.authc.pam.ModularRealmAuthenticator] is not eligible for getting processed by all BeanPostProcessors (for example: not eligible for auto-proxying)
2020-08-25 09:05:40.051  INFO 4284 --- [main] trationDelegate$BeanPostProcessorChecker : Bean 'sessionManager' of type [org.apache.shiro.web.session.mgt.ServletContainerSessionManager] is not eligible for getting processed by all BeanPostProcessors (for example: not eligible for auto-proxying)
2020-08-25 09:05:40.051  INFO 4284 --- [main] trationDelegate$BeanPostProcessorChecker : Bean 'securityManager' of type [org.apache.shiro.web.mgt.DefaultWebSecurityManager] is not eligible for getting processed by all BeanPostProcessors (for example: not eligible for auto-proxying)
2020-08-25 09:05:40.051  INFO 4284 --- [main] trationDelegate$BeanPostProcessorChecker : Bean 'casConfig' of type [com.sy.yuanfei.common.config.CasConfig$$EnhancerBySpringCGLIB$$4f81b2ed] is not eligible for getting processed by all BeanPostProcessors (for example: not eligible for auto-proxying)
2020-08-25 09:05:40.051  INFO 4284 --- [main] trationDelegate$BeanPostProcessorChecker : Bean 'casConfiguration' of type [org.pac4j.cas.config.CasConfiguration] is not eligible for getting processed by all BeanPostProcessors (for example: not eligible for auto-proxying)
2020-08-25 09:05:40.051  INFO 4284 --- [main] trationDelegate$BeanPostProcessorChecker : Bean 'casClient' of type [org.pac4j.cas.client.CasClient] is not eligible for getting processed by all BeanPostProcessors (for example: not eligible for auto-proxying)
2020-08-25 09:05:40.067  INFO 4284 --- [main] trationDelegate$BeanPostProcessorChecker : Bean 'shiroSessionStore' of type [io.buji.pac4j.context.ShiroSessionStore] is not eligible for getting processed by all BeanPostProcessors (for example: not eligible for auto-proxying)
2020-08-25 09:05:40.067  INFO 4284 --- [main] trationDelegate$BeanPostProcessorChecker : Bean 'exPac4jConfig' of type [org.pac4j.core.config.Config] is not eligible for getting processed by all BeanPostProcessors (for example: not eligible for auto-proxying)
2020-08-25 09:05:40.083  INFO 4284 --- [main] trationDelegate$BeanPostProcessorChecker : Bean 'authorizationAttributeSourceAdvisor' of type [org.apache.shiro.spring.security.interceptor.AuthorizationAttributeSourceAdvisor] is not eligible for getting processed by all BeanPostProcessors (for example: not eligible for auto-proxying)
2020-08-25 09:05:40.098  INFO 4284 --- [main] trationDelegate$BeanPostProcessorChecker : Bean 'org.springframework.transaction.annotation.ProxyTransactionManagementConfiguration' of type [org.springframework.transaction.annotation.ProxyTransactionManagementConfiguration] is not eligible for getting processed by all BeanPostProcessors (for example: not eligible for auto-proxying)
2020-08-25 09:05:40.301  INFO 4284 --- [main] o.s.b.w.embedded.tomcat.TomcatWebServer  : Tomcat initialized with port(s): 8888 (http)
2020-08-25 09:05:40.441  INFO 4284 --- [main] o.s.web.context.ContextLoader            : Root WebApplicationContext: initialization completed in 1762 ms
2020-08-25 09:05:41.284  INFO 4284 --- [main] j.LocalContainerEntityManagerFactoryBean : Initialized JPA EntityManagerFactory for persistence unit 'default'
2020-08-25 09:05:41.923  INFO 4284 --- [main] o.s.s.concurrent.ThreadPoolTaskExecutor  : Initializing ExecutorService 'applicationTaskExecutor'
2020-08-25 09:05:42.329  INFO 4284 --- [main] o.s.b.w.embedded.tomcat.TomcatWebServer  : Tomcat started on port(s): 8888 (http) with context path ''
2020-08-25 09:05:58.557  INFO 4284 --- [http-nio-8888-exec-1] o.s.web.servlet.DispatcherServlet        : Initializing Servlet 'dispatcherServlet'
2020-08-25 09:05:58.564  INFO 4284 --- [http-nio-8888-exec-1] o.s.web.servlet.DispatcherServlet        : Completed initialization in 7 ms
2020-08-25 09:15:05.525  INFO 3512 --- [main] .s.d.r.c.RepositoryConfigurationDelegate : Bootstrapping Spring Data repositories in DEFAULT mode.
2020-08-25 09:15:05.567  INFO 3512 --- [main] .s.d.r.c.RepositoryConfigurationDelegate : Finished Spring Data repository scanning in 34ms. Found 2 repository interfaces.
2020-08-25 09:15:05.747  WARN 3512 --- [main] o.m.s.mapper.ClassPathMapperScanner      : No MyBatis mapper was found in '[com.sy.yuanfei]' package. Please check your configuration.
2020-08-25 09:15:05.840  INFO 3512 --- [main] trationDelegate$BeanPostProcessorChecker : Bean 'org.apache.shiro.spring.boot.autoconfigure.ShiroBeanAutoConfiguration' of type [org.apache.shiro.spring.boot.autoconfigure.ShiroBeanAutoConfiguration$$EnhancerBySpringCGLIB$$a30775a6] is not eligible for getting processed by all BeanPostProcessors (for example: not eligible for auto-proxying)
2020-08-25 09:15:05.852  INFO 3512 --- [main] trationDelegate$BeanPostProcessorChecker : Bean 'shiroConfig' of type [com.sy.yuanfei.common.config.ShiroConfig$$EnhancerBySpringCGLIB$$20ef8bfd] is not eligible for getting processed by all BeanPostProcessors (for example: not eligible for auto-proxying)
2020-08-25 09:15:05.867  INFO 3512 --- [main] trationDelegate$BeanPostProcessorChecker : Bean 'eventBus' of type [org.apache.shiro.event.support.DefaultEventBus] is not eligible for getting processed by all BeanPostProcessors (for example: not eligible for auto-proxying)
2020-08-25 09:15:05.885  INFO 3512 --- [main] trationDelegate$BeanPostProcessorChecker : Bean 'org.apache.shiro.spring.config.web.autoconfigure.ShiroWebAutoConfiguration' of type [org.apache.shiro.spring.config.web.autoconfigure.ShiroWebAutoConfiguration$$EnhancerBySpringCGLIB$$c7a3d610] is not eligible for getting processed by all BeanPostProcessors (for example: not eligible for auto-proxying)
2020-08-25 09:15:05.890  INFO 3512 --- [main] trationDelegate$BeanPostProcessorChecker : Bean 'org.springframework.boot.autoconfigure.jdbc.DataSourceConfiguration$Generic' of type [org.springframework.boot.autoconfigure.jdbc.DataSourceConfiguration$Generic] is not eligible for getting processed by all BeanPostProcessors (for example: not eligible for auto-proxying)
2020-08-25 09:15:05.910  INFO 3512 --- [main] trationDelegate$BeanPostProcessorChecker : Bean 'spring.datasource-org.springframework.boot.autoconfigure.jdbc.DataSourceProperties' of type [org.springframework.boot.autoconfigure.jdbc.DataSourceProperties] is not eligible for getting processed by all BeanPostProcessors (for example: not eligible for auto-proxying)
2020-08-25 09:15:05.936  INFO 3512 --- [main] trationDelegate$BeanPostProcessorChecker : Bean 'dataSource' of type [com.alibaba.druid.pool.DruidDataSource] is not eligible for getting processed by all BeanPostProcessors (for example: not eligible for auto-proxying)
2020-08-25 09:15:05.937  INFO 3512 --- [main] trationDelegate$BeanPostProcessorChecker : Bean 'authorizer' of type [com.sy.yuanfei.common.realm.CasRealm] is not eligible for getting processed by all BeanPostProcessors (for example: not eligible for auto-proxying)
2020-08-25 09:15:06.101  INFO 3512 --- [main] trationDelegate$BeanPostProcessorChecker : Bean 'sessionStorageEvaluator' of type [org.apache.shiro.web.mgt.DefaultWebSessionStorageEvaluator] is not eligible for getting processed by all BeanPostProcessors (for example: not eligible for auto-proxying)
2020-08-25 09:15:06.101  INFO 3512 --- [main] trationDelegate$BeanPostProcessorChecker : Bean 'subjectDAO' of type [org.apache.shiro.mgt.DefaultSubjectDAO] is not eligible for getting processed by all BeanPostProcessors (for example: not eligible for auto-proxying)
2020-08-25 09:15:06.101  INFO 3512 --- [main] trationDelegate$BeanPostProcessorChecker : Bean 'subjectFactory' of type [io.buji.pac4j.subject.Pac4jSubjectFactory] is not eligible for getting processed by all BeanPostProcessors (for example: not eligible for auto-proxying)
2020-08-25 09:15:06.101  INFO 3512 --- [main] trationDelegate$BeanPostProcessorChecker : Bean 'rememberMeCookieTemplate' of type [org.apache.shiro.web.servlet.SimpleCookie] is not eligible for getting processed by all BeanPostProcessors (for example: not eligible for auto-proxying)
2020-08-25 09:15:06.101  INFO 3512 --- [main] trationDelegate$BeanPostProcessorChecker : Bean 'rememberMeManager' of type [org.apache.shiro.web.mgt.CookieRememberMeManager] is not eligible for getting processed by all BeanPostProcessors (for example: not eligible for auto-proxying)
2020-08-25 09:15:06.101  INFO 3512 --- [main] trationDelegate$BeanPostProcessorChecker : Bean 'authenticationStrategy' of type [org.apache.shiro.authc.pam.AtLeastOneSuccessfulStrategy] is not eligible for getting processed by all BeanPostProcessors (for example: not eligible for auto-proxying)
2020-08-25 09:15:06.101  INFO 3512 --- [main] trationDelegate$BeanPostProcessorChecker : Bean 'authenticator' of type [org.apache.shiro.authc.pam.ModularRealmAuthenticator] is not eligible for getting processed by all BeanPostProcessors (for example: not eligible for auto-proxying)
2020-08-25 09:15:06.101  INFO 3512 --- [main] trationDelegate$BeanPostProcessorChecker : Bean 'sessionManager' of type [org.apache.shiro.web.session.mgt.ServletContainerSessionManager] is not eligible for getting processed by all BeanPostProcessors (for example: not eligible for auto-proxying)
2020-08-25 09:15:06.101  INFO 3512 --- [main] trationDelegate$BeanPostProcessorChecker : Bean 'securityManager' of type [org.apache.shiro.web.mgt.DefaultWebSecurityManager] is not eligible for getting processed by all BeanPostProcessors (for example: not eligible for auto-proxying)
2020-08-25 09:15:06.116  INFO 3512 --- [main] trationDelegate$BeanPostProcessorChecker : Bean 'casConfig' of type [com.sy.yuanfei.common.config.CasConfig$$EnhancerBySpringCGLIB$$2e810b21] is not eligible for getting processed by all BeanPostProcessors (for example: not eligible for auto-proxying)
2020-08-25 09:15:06.116  INFO 3512 --- [main] trationDelegate$BeanPostProcessorChecker : Bean 'casConfiguration' of type [org.pac4j.cas.config.CasConfiguration] is not eligible for getting processed by all BeanPostProcessors (for example: not eligible for auto-proxying)
2020-08-25 09:15:06.116  INFO 3512 --- [main] trationDelegate$BeanPostProcessorChecker : Bean 'casClient' of type [org.pac4j.cas.client.CasClient] is not eligible for getting processed by all BeanPostProcessors (for example: not eligible for auto-proxying)
2020-08-25 09:15:06.116  INFO 3512 --- [main] trationDelegate$BeanPostProcessorChecker : Bean 'shiroSessionStore' of type [io.buji.pac4j.context.ShiroSessionStore] is not eligible for getting processed by all BeanPostProcessors (for example: not eligible for auto-proxying)
2020-08-25 09:15:06.116  INFO 3512 --- [main] trationDelegate$BeanPostProcessorChecker : Bean 'exPac4jConfig' of type [org.pac4j.core.config.Config] is not eligible for getting processed by all BeanPostProcessors (for example: not eligible for auto-proxying)
2020-08-25 09:15:06.163  INFO 3512 --- [main] trationDelegate$BeanPostProcessorChecker : Bean 'authorizationAttributeSourceAdvisor' of type [org.apache.shiro.spring.security.interceptor.AuthorizationAttributeSourceAdvisor] is not eligible for getting processed by all BeanPostProcessors (for example: not eligible for auto-proxying)
2020-08-25 09:15:06.163  INFO 3512 --- [main] trationDelegate$BeanPostProcessorChecker : Bean 'org.springframework.transaction.annotation.ProxyTransactionManagementConfiguration' of type [org.springframework.transaction.annotation.ProxyTransactionManagementConfiguration] is not eligible for getting processed by all BeanPostProcessors (for example: not eligible for auto-proxying)
2020-08-25 09:15:06.350  INFO 3512 --- [main] o.s.b.w.embedded.tomcat.TomcatWebServer  : Tomcat initialized with port(s): 8888 (http)
2020-08-25 09:15:06.491  INFO 3512 --- [main] o.s.web.context.ContextLoader            : Root WebApplicationContext: initialization completed in 1685 ms
2020-08-25 09:15:07.368  INFO 3512 --- [main] j.LocalContainerEntityManagerFactoryBean : Initialized JPA EntityManagerFactory for persistence unit 'default'
2020-08-25 09:15:08.021  INFO 3512 --- [main] o.s.s.concurrent.ThreadPoolTaskExecutor  : Initializing ExecutorService 'applicationTaskExecutor'
2020-08-25 09:15:08.449  INFO 3512 --- [main] o.s.b.w.embedded.tomcat.TomcatWebServer  : Tomcat started on port(s): 8888 (http) with context path ''
2020-08-25 09:15:25.505  INFO 3512 --- [http-nio-8888-exec-1] o.s.web.servlet.DispatcherServlet        : Initializing Servlet 'dispatcherServlet'
2020-08-25 09:15:25.512  INFO 3512 --- [http-nio-8888-exec-1] o.s.web.servlet.DispatcherServlet        : Completed initialization in 7 ms
2020-08-25 09:15:51.870 ERROR 3512 --- [http-nio-8888-exec-1] o.p.c.l.handler.DefaultLogoutHandler     : No trackable session found for back channel logout. Either the session store does not support to track session or it has expired from the store and the store settings must be updated (expired data)
2020-08-25 09:18:38.910  INFO 1588 --- [main] .s.d.r.c.RepositoryConfigurationDelegate : Bootstrapping Spring Data repositories in DEFAULT mode.
2020-08-25 09:18:38.954  INFO 1588 --- [main] .s.d.r.c.RepositoryConfigurationDelegate : Finished Spring Data repository scanning in 35ms. Found 2 repository interfaces.
2020-08-25 09:18:39.145  WARN 1588 --- [main] o.m.s.mapper.ClassPathMapperScanner      : No MyBatis mapper was found in '[com.sy.yuanfei]' package. Please check your configuration.
2020-08-25 09:18:39.238  INFO 1588 --- [main] trationDelegate$BeanPostProcessorChecker : Bean 'org.apache.shiro.spring.boot.autoconfigure.ShiroBeanAutoConfiguration' of type [org.apache.shiro.spring.boot.autoconfigure.ShiroBeanAutoConfiguration$$EnhancerBySpringCGLIB$$7846da1e] is not eligible for getting processed by all BeanPostProcessors (for example: not eligible for auto-proxying)
2020-08-25 09:18:39.249  INFO 1588 --- [main] trationDelegate$BeanPostProcessorChecker : Bean 'shiroConfig' of type [com.sy.yuanfei.common.config.ShiroConfig$$EnhancerBySpringCGLIB$$f62ef075] is not eligible for getting processed by all BeanPostProcessors (for example: not eligible for auto-proxying)
2020-08-25 09:18:39.262  INFO 1588 --- [main] trationDelegate$BeanPostProcessorChecker : Bean 'eventBus' of type [org.apache.shiro.event.support.DefaultEventBus] is not eligible for getting processed by all BeanPostProcessors (for example: not eligible for auto-proxying)
2020-08-25 09:18:39.279  INFO 1588 --- [main] trationDelegate$BeanPostProcessorChecker : Bean 'org.apache.shiro.spring.config.web.autoconfigure.ShiroWebAutoConfiguration' of type [org.apache.shiro.spring.config.web.autoconfigure.ShiroWebAutoConfiguration$$EnhancerBySpringCGLIB$$9ce33a88] is not eligible for getting processed by all BeanPostProcessors (for example: not eligible for auto-proxying)
2020-08-25 09:18:39.284  INFO 1588 --- [main] trationDelegate$BeanPostProcessorChecker : Bean 'org.springframework.boot.autoconfigure.jdbc.DataSourceConfiguration$Generic' of type [org.springframework.boot.autoconfigure.jdbc.DataSourceConfiguration$Generic] is not eligible for getting processed by all BeanPostProcessors (for example: not eligible for auto-proxying)
2020-08-25 09:18:39.302  INFO 1588 --- [main] trationDelegate$BeanPostProcessorChecker : Bean 'spring.datasource-org.springframework.boot.autoconfigure.jdbc.DataSourceProperties' of type [org.springframework.boot.autoconfigure.jdbc.DataSourceProperties] is not eligible for getting processed by all BeanPostProcessors (for example: not eligible for auto-proxying)
2020-08-25 09:18:39.329  INFO 1588 --- [main] trationDelegate$BeanPostProcessorChecker : Bean 'dataSource' of type [com.alibaba.druid.pool.DruidDataSource] is not eligible for getting processed by all BeanPostProcessors (for example: not eligible for auto-proxying)
2020-08-25 09:18:39.330  INFO 1588 --- [main] trationDelegate$BeanPostProcessorChecker : Bean 'authorizer' of type [com.sy.yuanfei.common.realm.CasRealm] is not eligible for getting processed by all BeanPostProcessors (for example: not eligible for auto-proxying)
2020-08-25 09:18:39.499  INFO 1588 --- [main] trationDelegate$BeanPostProcessorChecker : Bean 'sessionStorageEvaluator' of type [org.apache.shiro.web.mgt.DefaultWebSessionStorageEvaluator] is not eligible for getting processed by all BeanPostProcessors (for example: not eligible for auto-proxying)
2020-08-25 09:18:39.499  INFO 1588 --- [main] trationDelegate$BeanPostProcessorChecker : Bean 'subjectDAO' of type [org.apache.shiro.mgt.DefaultSubjectDAO] is not eligible for getting processed by all BeanPostProcessors (for example: not eligible for auto-proxying)
2020-08-25 09:18:39.500  INFO 1588 --- [main] trationDelegate$BeanPostProcessorChecker : Bean 'subjectFactory' of type [io.buji.pac4j.subject.Pac4jSubjectFactory] is not eligible for getting processed by all BeanPostProcessors (for example: not eligible for auto-proxying)
2020-08-25 09:18:39.501  INFO 1588 --- [main] trationDelegate$BeanPostProcessorChecker : Bean 'rememberMeCookieTemplate' of type [org.apache.shiro.web.servlet.SimpleCookie] is not eligible for getting processed by all BeanPostProcessors (for example: not eligible for auto-proxying)
2020-08-25 09:18:39.502  INFO 1588 --- [main] trationDelegate$BeanPostProcessorChecker : Bean 'rememberMeManager' of type [org.apache.shiro.web.mgt.CookieRememberMeManager] is not eligible for getting processed by all BeanPostProcessors (for example: not eligible for auto-proxying)
2020-08-25 09:18:39.502  INFO 1588 --- [main] trationDelegate$BeanPostProcessorChecker : Bean 'authenticationStrategy' of type [org.apache.shiro.authc.pam.AtLeastOneSuccessfulStrategy] is not eligible for getting processed by all BeanPostProcessors (for example: not eligible for auto-proxying)
2020-08-25 09:18:39.503  INFO 1588 --- [main] trationDelegate$BeanPostProcessorChecker : Bean 'authenticator' of type [org.apache.shiro.authc.pam.ModularRealmAuthenticator] is not eligible for getting processed by all BeanPostProcessors (for example: not eligible for auto-proxying)
2020-08-25 09:18:39.504  INFO 1588 --- [main] trationDelegate$BeanPostProcessorChecker : Bean 'sessionManager' of type [org.apache.shiro.web.session.mgt.ServletContainerSessionManager] is not eligible for getting processed by all BeanPostProcessors (for example: not eligible for auto-proxying)
2020-08-25 09:18:39.505  INFO 1588 --- [main] trationDelegate$BeanPostProcessorChecker : Bean 'securityManager' of type [org.apache.shiro.web.mgt.DefaultWebSecurityManager] is not eligible for getting processed by all BeanPostProcessors (for example: not eligible for auto-proxying)
2020-08-25 09:18:39.507  INFO 1588 --- [main] trationDelegate$BeanPostProcessorChecker : Bean 'casConfig' of type [com.sy.yuanfei.common.config.CasConfig$$EnhancerBySpringCGLIB$$3c06f99] is not eligible for getting processed by all BeanPostProcessors (for example: not eligible for auto-proxying)
2020-08-25 09:18:39.515  INFO 1588 --- [main] trationDelegate$BeanPostProcessorChecker : Bean 'casConfiguration' of type [org.pac4j.cas.config.CasConfiguration] is not eligible for getting processed by all BeanPostProcessors (for example: not eligible for auto-proxying)
2020-08-25 09:18:39.518  INFO 1588 --- [main] trationDelegate$BeanPostProcessorChecker : Bean 'casClient' of type [org.pac4j.cas.client.CasClient] is not eligible for getting processed by all BeanPostProcessors (for example: not eligible for auto-proxying)
2020-08-25 09:18:39.519  INFO 1588 --- [main] trationDelegate$BeanPostProcessorChecker : Bean 'shiroSessionStore' of type [io.buji.pac4j.context.ShiroSessionStore] is not eligible for getting processed by all BeanPostProcessors (for example: not eligible for auto-proxying)
2020-08-25 09:18:39.520  INFO 1588 --- [main] trationDelegate$BeanPostProcessorChecker : Bean 'exPac4jConfig' of type [org.pac4j.core.config.Config] is not eligible for getting processed by all BeanPostProcessors (for example: not eligible for auto-proxying)
2020-08-25 09:18:39.548  INFO 1588 --- [main] trationDelegate$BeanPostProcessorChecker : Bean 'authorizationAttributeSourceAdvisor' of type [org.apache.shiro.spring.security.interceptor.AuthorizationAttributeSourceAdvisor] is not eligible for getting processed by all BeanPostProcessors (for example: not eligible for auto-proxying)
2020-08-25 09:18:39.556  INFO 1588 --- [main] trationDelegate$BeanPostProcessorChecker : Bean 'org.springframework.transaction.annotation.ProxyTransactionManagementConfiguration' of type [org.springframework.transaction.annotation.ProxyTransactionManagementConfiguration] is not eligible for getting processed by all BeanPostProcessors (for example: not eligible for auto-proxying)
2020-08-25 09:18:39.761  INFO 1588 --- [main] o.s.b.w.embedded.tomcat.TomcatWebServer  : Tomcat initialized with port(s): 8888 (http)
2020-08-25 09:18:39.905  INFO 1588 --- [main] o.s.web.context.ContextLoader            : Root WebApplicationContext: initialization completed in 1528 ms
2020-08-25 09:18:40.782  INFO 1588 --- [main] j.LocalContainerEntityManagerFactoryBean : Initialized JPA EntityManagerFactory for persistence unit 'default'
2020-08-25 09:18:41.439  INFO 1588 --- [main] o.s.s.concurrent.ThreadPoolTaskExecutor  : Initializing ExecutorService 'applicationTaskExecutor'
2020-08-25 09:18:41.842  INFO 1588 --- [main] o.s.b.w.embedded.tomcat.TomcatWebServer  : Tomcat started on port(s): 8888 (http) with context path ''
2020-08-25 09:19:09.039  INFO 1588 --- [http-nio-8888-exec-1] o.s.web.servlet.DispatcherServlet        : Initializing Servlet 'dispatcherServlet'
2020-08-25 09:19:09.047  INFO 1588 --- [http-nio-8888-exec-1] o.s.web.servlet.DispatcherServlet        : Completed initialization in 8 ms
2020-08-25 09:20:44.732  INFO 3816 --- [main] .s.d.r.c.RepositoryConfigurationDelegate : Bootstrapping Spring Data repositories in DEFAULT mode.
2020-08-25 09:20:44.771  INFO 3816 --- [main] .s.d.r.c.RepositoryConfigurationDelegate : Finished Spring Data repository scanning in 31ms. Found 2 repository interfaces.
2020-08-25 09:20:44.962  WARN 3816 --- [main] o.m.s.mapper.ClassPathMapperScanner      : No MyBatis mapper was found in '[com.sy.yuanfei]' package. Please check your configuration.
2020-08-25 09:20:45.057  INFO 3816 --- [main] trationDelegate$BeanPostProcessorChecker : Bean 'org.apache.shiro.spring.boot.autoconfigure.ShiroBeanAutoConfiguration' of type [org.apache.shiro.spring.boot.autoconfigure.ShiroBeanAutoConfiguration$$EnhancerBySpringCGLIB$$c9490686] is not eligible for getting processed by all BeanPostProcessors (for example: not eligible for auto-proxying)
2020-08-25 09:20:45.069  INFO 3816 --- [main] trationDelegate$BeanPostProcessorChecker : Bean 'shiroConfig' of type [com.sy.yuanfei.common.config.ShiroConfig$$EnhancerBySpringCGLIB$$47311cdd] is not eligible for getting processed by all BeanPostProcessors (for example: not eligible for auto-proxying)
2020-08-25 09:20:45.082  INFO 3816 --- [main] trationDelegate$BeanPostProcessorChecker : Bean 'eventBus' of type [org.apache.shiro.event.support.DefaultEventBus] is not eligible for getting processed by all BeanPostProcessors (for example: not eligible for auto-proxying)
2020-08-25 09:20:45.100  INFO 3816 --- [main] trationDelegate$BeanPostProcessorChecker : Bean 'org.apache.shiro.spring.config.web.autoconfigure.ShiroWebAutoConfiguration' of type [org.apache.shiro.spring.config.web.autoconfigure.ShiroWebAutoConfiguration$$EnhancerBySpringCGLIB$$ede566f0] is not eligible for getting processed by all BeanPostProcessors (for example: not eligible for auto-proxying)
2020-08-25 09:20:45.105  INFO 3816 --- [main] trationDelegate$BeanPostProcessorChecker : Bean 'org.springframework.boot.autoconfigure.jdbc.DataSourceConfiguration$Generic' of type [org.springframework.boot.autoconfigure.jdbc.DataSourceConfiguration$Generic] is not eligible for getting processed by all BeanPostProcessors (for example: not eligible for auto-proxying)
2020-08-25 09:20:45.123  INFO 3816 --- [main] trationDelegate$BeanPostProcessorChecker : Bean 'spring.datasource-org.springframework.boot.autoconfigure.jdbc.DataSourceProperties' of type [org.springframework.boot.autoconfigure.jdbc.DataSourceProperties] is not eligible for getting processed by all BeanPostProcessors (for example: not eligible for auto-proxying)
2020-08-25 09:20:45.151  INFO 3816 --- [main] trationDelegate$BeanPostProcessorChecker : Bean 'dataSource' of type [com.alibaba.druid.pool.DruidDataSource] is not eligible for getting processed by all BeanPostProcessors (for example: not eligible for auto-proxying)
2020-08-25 09:20:45.152  INFO 3816 --- [main] trationDelegate$BeanPostProcessorChecker : Bean 'authorizer' of type [com.sy.yuanfei.common.realm.CasRealm] is not eligible for getting processed by all BeanPostProcessors (for example: not eligible for auto-proxying)
2020-08-25 09:20:45.326  INFO 3816 --- [main] trationDelegate$BeanPostProcessorChecker : Bean 'sessionStorageEvaluator' of type [org.apache.shiro.web.mgt.DefaultWebSessionStorageEvaluator] is not eligible for getting processed by all BeanPostProcessors (for example: not eligible for auto-proxying)
2020-08-25 09:20:45.326  INFO 3816 --- [main] trationDelegate$BeanPostProcessorChecker : Bean 'subjectDAO' of type [org.apache.shiro.mgt.DefaultSubjectDAO] is not eligible for getting processed by all BeanPostProcessors (for example: not eligible for auto-proxying)
2020-08-25 09:20:45.327  INFO 3816 --- [main] trationDelegate$BeanPostProcessorChecker : Bean 'subjectFactory' of type [io.buji.pac4j.subject.Pac4jSubjectFactory] is not eligible for getting processed by all BeanPostProcessors (for example: not eligible for auto-proxying)
2020-08-25 09:20:45.328  INFO 3816 --- [main] trationDelegate$BeanPostProcessorChecker : Bean 'rememberMeCookieTemplate' of type [org.apache.shiro.web.servlet.SimpleCookie] is not eligible for getting processed by all BeanPostProcessors (for example: not eligible for auto-proxying)
2020-08-25 09:20:45.329  INFO 3816 --- [main] trationDelegate$BeanPostProcessorChecker : Bean 'rememberMeManager' of type [org.apache.shiro.web.mgt.CookieRememberMeManager] is not eligible for getting processed by all BeanPostProcessors (for example: not eligible for auto-proxying)
2020-08-25 09:20:45.330  INFO 3816 --- [main] trationDelegate$BeanPostProcessorChecker : Bean 'authenticationStrategy' of type [org.apache.shiro.authc.pam.AtLeastOneSuccessfulStrategy] is not eligible for getting processed by all BeanPostProcessors (for example: not eligible for auto-proxying)
2020-08-25 09:20:45.331  INFO 3816 --- [main] trationDelegate$BeanPostProcessorChecker : Bean 'authenticator' of type [org.apache.shiro.authc.pam.ModularRealmAuthenticator] is not eligible for getting processed by all BeanPostProcessors (for example: not eligible for auto-proxying)
2020-08-25 09:20:45.332  INFO 3816 --- [main] trationDelegate$BeanPostProcessorChecker : Bean 'sessionManager' of type [org.apache.shiro.web.session.mgt.ServletContainerSessionManager] is not eligible for getting processed by all BeanPostProcessors (for example: not eligible for auto-proxying)
2020-08-25 09:20:45.333  INFO 3816 --- [main] trationDelegate$BeanPostProcessorChecker : Bean 'securityManager' of type [org.apache.shiro.web.mgt.DefaultWebSecurityManager] is not eligible for getting processed by all BeanPostProcessors (for example: not eligible for auto-proxying)
2020-08-25 09:20:45.335  INFO 3816 --- [main] trationDelegate$BeanPostProcessorChecker : Bean 'casConfig' of type [com.sy.yuanfei.common.config.CasConfig$$EnhancerBySpringCGLIB$$54c29c01] is not eligible for getting processed by all BeanPostProcessors (for example: not eligible for auto-proxying)
2020-08-25 09:20:45.343  INFO 3816 --- [main] trationDelegate$BeanPostProcessorChecker : Bean 'casConfiguration' of type [org.pac4j.cas.config.CasConfiguration] is not eligible for getting processed by all BeanPostProcessors (for example: not eligible for auto-proxying)
2020-08-25 09:20:45.346  INFO 3816 --- [main] trationDelegate$BeanPostProcessorChecker : Bean 'casClient' of type [org.pac4j.cas.client.CasClient] is not eligible for getting processed by all BeanPostProcessors (for example: not eligible for auto-proxying)
2020-08-25 09:20:45.348  INFO 3816 --- [main] trationDelegate$BeanPostProcessorChecker : Bean 'shiroSessionStore' of type [io.buji.pac4j.context.ShiroSessionStore] is not eligible for getting processed by all BeanPostProcessors (for example: not eligible for auto-proxying)
2020-08-25 09:20:45.349  INFO 3816 --- [main] trationDelegate$BeanPostProcessorChecker : Bean 'exPac4jConfig' of type [org.pac4j.core.config.Config] is not eligible for getting processed by all BeanPostProcessors (for example: not eligible for auto-proxying)
2020-08-25 09:20:45.379  INFO 3816 --- [main] trationDelegate$BeanPostProcessorChecker : Bean 'authorizationAttributeSourceAdvisor' of type [org.apache.shiro.spring.security.interceptor.AuthorizationAttributeSourceAdvisor] is not eligible for getting processed by all BeanPostProcessors (for example: not eligible for auto-proxying)
2020-08-25 09:20:45.387  INFO 3816 --- [main] trationDelegate$BeanPostProcessorChecker : Bean 'org.springframework.transaction.annotation.ProxyTransactionManagementConfiguration' of type [org.springframework.transaction.annotation.ProxyTransactionManagementConfiguration] is not eligible for getting processed by all BeanPostProcessors (for example: not eligible for auto-proxying)
2020-08-25 09:20:45.584  INFO 3816 --- [main] o.s.b.w.embedded.tomcat.TomcatWebServer  : Tomcat initialized with port(s): 8888 (http)
2020-08-25 09:20:45.741  INFO 3816 --- [main] o.s.web.context.ContextLoader            : Root WebApplicationContext: initialization completed in 1640 ms
2020-08-25 09:20:46.772  INFO 3816 --- [main] j.LocalContainerEntityManagerFactoryBean : Initialized JPA EntityManagerFactory for persistence unit 'default'
2020-08-25 09:20:47.465  INFO 3816 --- [main] o.s.s.concurrent.ThreadPoolTaskExecutor  : Initializing ExecutorService 'applicationTaskExecutor'
2020-08-25 09:20:47.889  INFO 3816 --- [main] o.s.b.w.embedded.tomcat.TomcatWebServer  : Tomcat started on port(s): 8888 (http) with context path ''
2020-08-25 09:20:50.519  INFO 3816 --- [http-nio-8888-exec-1] o.s.web.servlet.DispatcherServlet        : Initializing Servlet 'dispatcherServlet'
2020-08-25 09:20:50.525  INFO 3816 --- [http-nio-8888-exec-1] o.s.web.servlet.DispatcherServlet        : Completed initialization in 6 ms
2020-08-25 09:21:24.816  INFO 7060 --- [main] .s.d.r.c.RepositoryConfigurationDelegate : Bootstrapping Spring Data repositories in DEFAULT mode.
2020-08-25 09:21:24.847  INFO 7060 --- [main] .s.d.r.c.RepositoryConfigurationDelegate : Finished Spring Data repository scanning in 29ms. Found 2 repository interfaces.
2020-08-25 09:21:25.034  WARN 7060 --- [main] o.m.s.mapper.ClassPathMapperScanner      : No MyBatis mapper was found in '[com.sy.yuanfei]' package. Please check your configuration.
2020-08-25 09:21:25.128  INFO 7060 --- [main] trationDelegate$BeanPostProcessorChecker : Bean 'org.apache.shiro.spring.boot.autoconfigure.ShiroBeanAutoConfiguration' of type [org.apache.shiro.spring.boot.autoconfigure.ShiroBeanAutoConfiguration$$EnhancerBySpringCGLIB$$923aa729] is not eligible for getting processed by all BeanPostProcessors (for example: not eligible for auto-proxying)
2020-08-25 09:21:25.128  INFO 7060 --- [main] trationDelegate$BeanPostProcessorChecker : Bean 'shiroConfig' of type [com.sy.yuanfei.common.config.ShiroConfig$$EnhancerBySpringCGLIB$$1022bd80] is not eligible for getting processed by all BeanPostProcessors (for example: not eligible for auto-proxying)
2020-08-25 09:21:25.143  INFO 7060 --- [main] trationDelegate$BeanPostProcessorChecker : Bean 'eventBus' of type [org.apache.shiro.event.support.DefaultEventBus] is not eligible for getting processed by all BeanPostProcessors (for example: not eligible for auto-proxying)
2020-08-25 09:21:25.159  INFO 7060 --- [main] trationDelegate$BeanPostProcessorChecker : Bean 'org.apache.shiro.spring.config.web.autoconfigure.ShiroWebAutoConfiguration' of type [org.apache.shiro.spring.config.web.autoconfigure.ShiroWebAutoConfiguration$$EnhancerBySpringCGLIB$$b6d70793] is not eligible for getting processed by all BeanPostProcessors (for example: not eligible for auto-proxying)
2020-08-25 09:21:25.174  INFO 7060 --- [main] trationDelegate$BeanPostProcessorChecker : Bean 'org.springframework.boot.autoconfigure.jdbc.DataSourceConfiguration$Generic' of type [org.springframework.boot.autoconfigure.jdbc.DataSourceConfiguration$Generic] is not eligible for getting processed by all BeanPostProcessors (for example: not eligible for auto-proxying)
2020-08-25 09:21:25.190  INFO 7060 --- [main] trationDelegate$BeanPostProcessorChecker : Bean 'spring.datasource-org.springframework.boot.autoconfigure.jdbc.DataSourceProperties' of type [org.springframework.boot.autoconfigure.jdbc.DataSourceProperties] is not eligible for getting processed by all BeanPostProcessors (for example: not eligible for auto-proxying)
2020-08-25 09:21:25.206  INFO 7060 --- [main] trationDelegate$BeanPostProcessorChecker : Bean 'dataSource' of type [com.alibaba.druid.pool.DruidDataSource] is not eligible for getting processed by all BeanPostProcessors (for example: not eligible for auto-proxying)
2020-08-25 09:21:25.221  INFO 7060 --- [main] trationDelegate$BeanPostProcessorChecker : Bean 'authorizer' of type [com.sy.yuanfei.common.realm.CasRealm] is not eligible for getting processed by all BeanPostProcessors (for example: not eligible for auto-proxying)
2020-08-25 09:21:25.377  INFO 7060 --- [main] trationDelegate$BeanPostProcessorChecker : Bean 'sessionStorageEvaluator' of type [org.apache.shiro.web.mgt.DefaultWebSessionStorageEvaluator] is not eligible for getting processed by all BeanPostProcessors (for example: not eligible for auto-proxying)
2020-08-25 09:21:25.377  INFO 7060 --- [main] trationDelegate$BeanPostProcessorChecker : Bean 'subjectDAO' of type [org.apache.shiro.mgt.DefaultSubjectDAO] is not eligible for getting processed by all BeanPostProcessors (for example: not eligible for auto-proxying)
2020-08-25 09:21:25.377  INFO 7060 --- [main] trationDelegate$BeanPostProcessorChecker : Bean 'subjectFactory' of type [io.buji.pac4j.subject.Pac4jSubjectFactory] is not eligible for getting processed by all BeanPostProcessors (for example: not eligible for auto-proxying)
2020-08-25 09:21:25.393  INFO 7060 --- [main] trationDelegate$BeanPostProcessorChecker : Bean 'rememberMeCookieTemplate' of type [org.apache.shiro.web.servlet.SimpleCookie] is not eligible for getting processed by all BeanPostProcessors (for example: not eligible for auto-proxying)
2020-08-25 09:21:25.393  INFO 7060 --- [main] trationDelegate$BeanPostProcessorChecker : Bean 'rememberMeManager' of type [org.apache.shiro.web.mgt.CookieRememberMeManager] is not eligible for getting processed by all BeanPostProcessors (for example: not eligible for auto-proxying)
2020-08-25 09:21:25.393  INFO 7060 --- [main] trationDelegate$BeanPostProcessorChecker : Bean 'authenticationStrategy' of type [org.apache.shiro.authc.pam.AtLeastOneSuccessfulStrategy] is not eligible for getting processed by all BeanPostProcessors (for example: not eligible for auto-proxying)
2020-08-25 09:21:25.393  INFO 7060 --- [main] trationDelegate$BeanPostProcessorChecker : Bean 'authenticator' of type [org.apache.shiro.authc.pam.ModularRealmAuthenticator] is not eligible for getting processed by all BeanPostProcessors (for example: not eligible for auto-proxying)
2020-08-25 09:21:25.393  INFO 7060 --- [main] trationDelegate$BeanPostProcessorChecker : Bean 'sessionManager' of type [org.apache.shiro.web.session.mgt.ServletContainerSessionManager] is not eligible for getting processed by all BeanPostProcessors (for example: not eligible for auto-proxying)
2020-08-25 09:21:25.393  INFO 7060 --- [main] trationDelegate$BeanPostProcessorChecker : Bean 'securityManager' of type [org.apache.shiro.web.mgt.DefaultWebSecurityManager] is not eligible for getting processed by all BeanPostProcessors (for example: not eligible for auto-proxying)
2020-08-25 09:21:25.393  INFO 7060 --- [main] trationDelegate$BeanPostProcessorChecker : Bean 'casConfig' of type [com.sy.yuanfei.common.config.CasConfig$$EnhancerBySpringCGLIB$$1db43ca4] is not eligible for getting processed by all BeanPostProcessors (for example: not eligible for auto-proxying)
2020-08-25 09:21:25.393  INFO 7060 --- [main] trationDelegate$BeanPostProcessorChecker : Bean 'casConfiguration' of type [org.pac4j.cas.config.CasConfiguration] is not eligible for getting processed by all BeanPostProcessors (for example: not eligible for auto-proxying)
2020-08-25 09:21:25.408  INFO 7060 --- [main] trationDelegate$BeanPostProcessorChecker : Bean 'casClient' of type [org.pac4j.cas.client.CasClient] is not eligible for getting processed by all BeanPostProcessors (for example: not eligible for auto-proxying)
2020-08-25 09:21:25.408  INFO 7060 --- [main] trationDelegate$BeanPostProcessorChecker : Bean 'shiroSessionStore' of type [io.buji.pac4j.context.ShiroSessionStore] is not eligible for getting processed by all BeanPostProcessors (for example: not eligible for auto-proxying)
2020-08-25 09:21:25.408  INFO 7060 --- [main] trationDelegate$BeanPostProcessorChecker : Bean 'exPac4jConfig' of type [org.pac4j.core.config.Config] is not eligible for getting processed by all BeanPostProcessors (for example: not eligible for auto-proxying)
2020-08-25 09:21:25.440  INFO 7060 --- [main] trationDelegate$BeanPostProcessorChecker : Bean 'authorizationAttributeSourceAdvisor' of type [org.apache.shiro.spring.security.interceptor.AuthorizationAttributeSourceAdvisor] is not eligible for getting processed by all BeanPostProcessors (for example: not eligible for auto-proxying)
2020-08-25 09:21:25.455  INFO 7060 --- [main] trationDelegate$BeanPostProcessorChecker : Bean 'org.springframework.transaction.annotation.ProxyTransactionManagementConfiguration' of type [org.springframework.transaction.annotation.ProxyTransactionManagementConfiguration] is not eligible for getting processed by all BeanPostProcessors (for example: not eligible for auto-proxying)
2020-08-25 09:21:25.642  INFO 7060 --- [main] o.s.b.w.embedded.tomcat.TomcatWebServer  : Tomcat initialized with port(s): 8888 (http)
2020-08-25 09:21:25.736  INFO 7060 --- [main] o.s.web.context.ContextLoader            : Root WebApplicationContext: initialization completed in 1700 ms
2020-08-25 09:21:26.656  INFO 7060 --- [main] j.LocalContainerEntityManagerFactoryBean : Initialized JPA EntityManagerFactory for persistence unit 'default'
2020-08-25 09:21:27.312  INFO 7060 --- [main] o.s.s.concurrent.ThreadPoolTaskExecutor  : Initializing ExecutorService 'applicationTaskExecutor'
2020-08-25 09:21:27.748  INFO 7060 --- [main] o.s.b.w.embedded.tomcat.TomcatWebServer  : Tomcat started on port(s): 8888 (http) with context path ''
2020-08-25 09:21:46.891  INFO 7060 --- [http-nio-8888-exec-1] o.s.web.servlet.DispatcherServlet        : Initializing Servlet 'dispatcherServlet'
2020-08-25 09:21:46.895  INFO 7060 --- [http-nio-8888-exec-1] o.s.web.servlet.DispatcherServlet        : Completed initialization in 3 ms
